[debug] [2023-05-12T11:47:33.112Z] ----------------------------------------------------------------------
[debug] [2023-05-12T11:47:33.115Z] Command:       C:\Program Files\nodejs\node.exe C:\Users\Qc\AppData\Roaming\npm\node_modules\firebase-tools\lib\bin\firebase.js deploy
[debug] [2023-05-12T11:47:33.115Z] CLI Version:   11.30.0
[debug] [2023-05-12T11:47:33.115Z] Platform:      win32
[debug] [2023-05-12T11:47:33.115Z] Node Version:  v16.15.0
[debug] [2023-05-12T11:47:33.131Z] Time:          Fri May 12 2023 16:47:33 GMT+0500 (Pakistan Standard Time)
[debug] [2023-05-12T11:47:33.131Z] ----------------------------------------------------------------------
[debug] 
[debug] [2023-05-12T11:47:33.136Z] >>> [apiv2][query] GET https://firebase-public.firebaseio.com/cli.json [none]
[debug] [2023-05-12T11:47:33.243Z] > command requires scopes: ["email","openid","https://www.googleapis.com/auth/cloudplatformprojects.readonly","https://www.googleapis.com/auth/firebase","https://www.googleapis.com/auth/cloud-platform"]
[debug] [2023-05-12T11:47:33.244Z] > authorizing via signed-in user (jawadraza8372@gmail.com)
[debug] [2023-05-12T11:47:33.244Z] [iam] checking project upcard-eb05d for permissions ["firebase.projects.get","firebasehosting.sites.update"]
[debug] [2023-05-12T11:47:33.245Z] > refreshing access token with scopes: []
[debug] [2023-05-12T11:47:33.246Z] >>> [apiv2][query] POST https://www.googleapis.com/oauth2/v3/token [none]
[debug] [2023-05-12T11:47:33.247Z] >>> [apiv2][body] POST https://www.googleapis.com/oauth2/v3/token [omitted]
[debug] [2023-05-12T11:47:33.883Z] <<< [apiv2][status] POST https://www.googleapis.com/oauth2/v3/token 200
[debug] [2023-05-12T11:47:33.883Z] <<< [apiv2][body] POST https://www.googleapis.com/oauth2/v3/token [omitted]
[debug] [2023-05-12T11:47:33.903Z] >>> [apiv2][query] POST https://cloudresourcemanager.googleapis.com/v1/projects/upcard-eb05d:testIamPermissions [none]
[debug] [2023-05-12T11:47:33.903Z] >>> [apiv2][(partial)header] POST https://cloudresourcemanager.googleapis.com/v1/projects/upcard-eb05d:testIamPermissions x-goog-quota-user=projects/upcard-eb05d
[debug] [2023-05-12T11:47:33.904Z] >>> [apiv2][body] POST https://cloudresourcemanager.googleapis.com/v1/projects/upcard-eb05d:testIamPermissions {"permissions":["firebase.projects.get","firebasehosting.sites.update"]}
[debug] [2023-05-12T11:47:34.240Z] <<< [apiv2][status] GET https://firebase-public.firebaseio.com/cli.json 200
[debug] [2023-05-12T11:47:34.240Z] <<< [apiv2][body] GET https://firebase-public.firebaseio.com/cli.json {"cloudBuildErrorAfter":1594252800000,"cloudBuildWarnAfter":1590019200000,"defaultNode10After":1594252800000,"minVersion":"3.0.5","node8DeploysDisabledAfter":1613390400000,"node8RuntimeDisabledAfter":1615809600000,"node8WarnAfter":1600128000000}
[debug] [2023-05-12T11:47:35.443Z] <<< [apiv2][status] POST https://cloudresourcemanager.googleapis.com/v1/projects/upcard-eb05d:testIamPermissions 200
[debug] [2023-05-12T11:47:35.443Z] <<< [apiv2][body] POST https://cloudresourcemanager.googleapis.com/v1/projects/upcard-eb05d:testIamPermissions {"permissions":["firebase.projects.get","firebasehosting.sites.update"]}
[debug] [2023-05-12T11:47:35.448Z] >>> [apiv2][query] GET https://firebase.googleapis.com/v1beta1/projects/upcard-eb05d [none]
[debug] [2023-05-12T11:47:36.135Z] <<< [apiv2][status] GET https://firebase.googleapis.com/v1beta1/projects/upcard-eb05d 200
[debug] [2023-05-12T11:47:36.135Z] <<< [apiv2][body] GET https://firebase.googleapis.com/v1beta1/projects/upcard-eb05d {"projectId":"upcard-eb05d","projectNumber":"84482438842","displayName":"Upcard","name":"projects/upcard-eb05d","resources":{"hostingSite":"upcard-eb05d","realtimeDatabaseInstance":"upcard-eb05d-default-rtdb","storageBucket":"upcard-eb05d.appspot.com","locationId":"us-central"},"state":"ACTIVE","etag":"1_d54935d8-910a-4a61-8bf7-218037955d98"}
[info] 
[info] === Deploying to 'upcard-eb05d'...
[info] 
[info] i  deploying hosting 
[debug] [2023-05-12T11:47:36.144Z] >>> [apiv2][query] POST https://firebasehosting.googleapis.com/v1beta1/projects/-/sites/upcard-eb05d/versions [none]
[debug] [2023-05-12T11:47:36.144Z] >>> [apiv2][body] POST https://firebasehosting.googleapis.com/v1beta1/projects/-/sites/upcard-eb05d/versions {"status":"CREATED","labels":{"deployment-tool":"cli-firebase"}}
[debug] [2023-05-12T11:47:38.833Z] <<< [apiv2][status] POST https://firebasehosting.googleapis.com/v1beta1/projects/-/sites/upcard-eb05d/versions 200
[debug] [2023-05-12T11:47:38.834Z] <<< [apiv2][body] POST https://firebasehosting.googleapis.com/v1beta1/projects/-/sites/upcard-eb05d/versions {"name":"projects/84482438842/sites/upcard-eb05d/versions/a535f15de89930dd","status":"CREATED","config":{},"labels":{"deployment-tool":"cli-firebase"}}
[info] i  hosting[upcard-eb05d]: beginning deploy... 
[info] i  hosting[upcard-eb05d]: found 50 files in build 
[debug] [2023-05-12T11:47:38.886Z] [hosting] uploading with 200 concurrency
[debug] [2023-05-12T11:47:40.770Z] [hosting] hash cache [YnVpbGQ] stored for 50 files
[debug] [2023-05-12T11:47:40.770Z] [hosting][hash queue][FINAL] {"max":1870,"min":16,"avg":182.86,"active":0,"complete":50,"success":50,"errored":0,"retried":0,"total":50,"elapsed":1878}
[debug] [2023-05-12T11:47:40.771Z] >>> [apiv2][query] POST https://firebasehosting.googleapis.com/v1beta1/projects/84482438842/sites/upcard-eb05d/versions/a535f15de89930dd:populateFiles [none]
[debug] [2023-05-12T11:47:40.771Z] >>> [apiv2][body] POST https://firebasehosting.googleapis.com/v1beta1/projects/84482438842/sites/upcard-eb05d/versions/a535f15de89930dd:populateFiles {"files":{"/favicon.ico":"eae62e993eb980ec8a25058c39d5a51feab118bd2100c4deebb2a9c158ec11f9","/logo192.png":"3ee59515172ee198f3be375979df15ac5345183e656720a381b8872b2a39dc8b","/logo512.png":"ee7e2f3fdb8209c4b6fd7bef6ba50d1b9dba30a25bb5c3126df057e1cb6f5331","/manifest.json":"aff3449bdc238776f5d6d967f19ec491b36aed5fb7f23ccff6500736fd58494a","/robots.txt":"bfe106a3fb878dc83461c86818bf74fc1bdc7f28538ba613cd3e775516ce8b49","/_redirects":"3d0014e3bcb811ec5e162f7cbb72bc48a676acf2538470bfb1d8742d50c862d6","/asset-manifest.json":"7f30233f1d827c05061e1e3ebe13a21238b84cca8e6ee9d9b89c2f8eef9a89f3","/index.html":"2f9f46ccf66640c11fc1a4d58b2205d083b1849d1fc2d19d1b083785472252f3","/static/js/787.16cae522.chunk.js":"1aaa5da6f488d8a35ca0b104f30307028cc5f6a2b33ed6ea1a1846342b174892","/static/js/787.16cae522.chunk.js.map":"3481504cfbdad66ef3842c00f77e7945c151b4ce380d2f20e6de4d329e065f89","/static/js/main.f4fe0a09.js.LICENSE.txt":"4aa1122c69b33aac866d8ed696a3b5339ec4823a77a772ffa022e6c1fb6faef3","/static/media/choosestar.cec360ac074d3cac7a95.png":"813e1590af007d06ad2339259eb0877ee9b23a2875eceaada851c72bf5b8b388","/static/media/firstimg (1).79aaa51520a20ee810fc.png":"af402f840dbbf2b423482af096f786f0297a47f2c2499f118a7110640101b9ed","/static/media/getFetch.40f37ddea2378391108f.cjs":"7677e08e523fac6103af10bece99e01a900f172ee0b24aece04e6d4895ca0029","/static/media/questions.903d7b3a699d8b34d180.png":"b345633c9d78c437a221157639b0c25b89ecad9e21d3a78a290a67740b7511c6","/static/media/slick.2630a3e3eab21c607e21.svg":"d00477d40ed40fa1dd3bdee27d9286804121b15fea83bae7d5415d902b055de0","/static/media/slick.295183786cd8a1389865.woff":"029a727c9e1081d2f9e1015f02f18da88f268512ea4f58589a6f17f532928530","/static/media/slick.a4e97f5a2a64f0ab1323.eot":"52b9a169969e053d43df6bd21c4dc789c2518d99afd8590a17ef50cd24c77cf6","/static/media/slick.c94f7671dcc99dce43e2.ttf":"6aad751007cf9a89350af287f824ab64f096c472c7c9c679fb3d55b6174fc004","/static/media/smalllog.f4f3faa1a6708672b5d9.png":"259b779bf37c5f4d4d8dbf879088409066238b3f7d6ed8038c95f29e6fb6db4a","/static/media/extra5.c52ad8489552f4c7e87b.jpg":"1f3365ffa12a665a013a1d7c6e9bdf342ac8dc94d28257ba0ea32727195da360","/static/media/firstimg (2).cc6f03133c121ea38981.png":"426a668867cfbb9bf47052a82f340acd83b8d27df8a6095ce4107411ea9ed8b5","/static/media/firstimg (3).2f38d042bc03e0692834.png":"2d1e27254d2b2ab371a73d5f9716e63f6c563defcddd18cd54622ee66f852bfa","/static/media/firstimg (4).f97b48e52a452b64b726.png":"a08c9a2aece1cae7074455ec12b6000f6bf18c117073b9a64803c0192f1f5ea9","/static/media/646-font.affc69de68c78ac81608.otf":"ff44798a383de08159256f25fac177e8134289aa0b2db0220484471b0c38bcfc","/static/media/DINPro-CondensedBold.ec7b0423b565d7c4c059.ttf":"9ac3a8ab892de9e6bfc04463ee69739d9e1ea49407e12fa0ddf8db57c94a5daf","/static/css/main.de7027a7.css":"c6c4597e0f44b2461e5cf6c196f4d4ff6f3ab789a71da5d21a3bc42eec81a656","/static/media/insta2.e74a867787daf55b0030.jpg":"3d9cdf046c81c6e9fd3d5befe6fb91ebe7ce50074a9e3875618f835986fcf53a","/static/media/logo.e4e61677ac0c0876ad42.png":"c2cccfc6eeb0a937d792327b3b31916bb164a9587cc7604898531a636df73d2c","/static/media/insta1.78e06bab881ae4bfc60a.jpg":"2fdfae84acc328cedf6eccedc4612f35eb877e4146ae901c02a6d50a697dcd8e","/static/media/extr3.833c6673c5a214ab6362.jpg":"ee6516a294a138aa60e4ec822824402875ca13f72d2d1ddf24aaa403832f770c","/static/media/insta4.a5591a2199e218ab4c25.jpg":"87cb9d3e4b53db55b9ab1498440af90595349365e4a10b052863ef7a4c9f59f8","/static/media/extr1.eddc9d69f2e364ffcd10.jpg":"902fc296d26121260575322e900f7e9212afe0563155c930d745d944062210bb","/static/media/insta3.71a5bc0c6f74baa1ef69.jpg":"57d5e0943b867d7998b47d957bcf0e3e6714e842f54d742e2d66ac381addd1e8","/static/media/insta8.000197f72da185f5c38a.jpg":"ad4fa55dcee04f654192eaf465536f186870c199e3dadbd4781f90d043583794","/static/media/insta5.83cab90e12de5875c646.jpg":"91011ee86d91f2fd9d22e5b38f34b93a35cf55e33e82130210df05f51db385db","/static/media/extra4.93c44ea0dcc859d6b969.png":"6b2a68fd6b0691e3eabbef69f14d47d51d5dd28fd668436bff2bc6e270e5fcd7","/static/media/firstsesion.da38b8089e7e005b9ce8.png":"af6f089dfc92a8fa876329791acd4e52ba1a7926d0f094d86b74891a9f4e1180","/static/media/insta6.f6bc41ec856e5231b4d3.jpg":"5204ffada92831ee2bc87ce342fb396f46020be4c43d5ca32ad10cd7810f89d6","/static/media/insta7.4c535a6f02a551976c4e.jpg":"366c078fe96d827fe1be5f0935f3493c60ee78356e71a0ac8d1a252c46d2096b","/static/media/image 18.df7bbcc7fea613c2c5f8.png":"741a8353d6d95d817e1917d80b1b3ab49e6e094208aaa999b1da96934245bffa","/static/css/main.de7027a7.css.map":"44058820879d20f8a04b4c2acc907b3d07b6ae2470a7eb1a8523d834b35a3e06","/static/media/servis1.ad2fe5532d6ffcb2d418.png":"c60f9a3ed9483dc7d1f523cc71be83571dd304565659472c1243c0f9e2906979","/static/js/main.f4fe0a09.js":"f3aa41da14ea96b8818fdbcaafe6e4b244ee1700b16458ef3dbdb372ac254c6f","/static/media/servis3.039decf7564d6042dd3b.png":"f3170c84436d18440c8a54a536c0f6bf4f49ea2cbf11de937dcd853fc09fcd54","/static/media/servis2.4f23e82416ddeb36d8b1.png":"0f8edbe8fff9bdcf91d12c57e0d0d64d494dd68dae4ba8ac37d73ed6b13bad0a","/static/media/ext2.9ff277757da0ee622e17.png":"2f75550a8c2ba99da453e8d04e4948bbfd9857d771992be6246c4342f5d98041","/static/media/secsesion.58fde75321485da59827.png":"813894ee0354482a33ee376d45e45112fb19bcda11c733bd31fa3043920fb3c6","/static/media/firstsesion1.8882c8e764371b922c75.png":"e6720d3d31e43aa7c272797515b4731ac23eb9a5b8ea93f79fce03a24be542fc","/static/js/main.f4fe0a09.js.map":"e93f2c79927fad70e10d5fcfd328b2cfc4ad25e176683e67d2ff25c1e8cc06a2"}}
[debug] [2023-05-12T11:47:42.641Z] <<< [apiv2][status] POST https://firebasehosting.googleapis.com/v1beta1/projects/84482438842/sites/upcard-eb05d/versions/a535f15de89930dd:populateFiles 200
[debug] [2023-05-12T11:47:42.641Z] <<< [apiv2][body] POST https://firebasehosting.googleapis.com/v1beta1/projects/84482438842/sites/upcard-eb05d/versions/a535f15de89930dd:populateFiles {"uploadRequiredHashes":["813894ee0354482a33ee376d45e45112fb19bcda11c733bd31fa3043920fb3c6","c2cccfc6eeb0a937d792327b3b31916bb164a9587cc7604898531a636df73d2c","2f75550a8c2ba99da453e8d04e4948bbfd9857d771992be6246c4342f5d98041","44058820879d20f8a04b4c2acc907b3d07b6ae2470a7eb1a8523d834b35a3e06","6b2a68fd6b0691e3eabbef69f14d47d51d5dd28fd668436bff2bc6e270e5fcd7","ee6516a294a138aa60e4ec822824402875ca13f72d2d1ddf24aaa403832f770c","af6f089dfc92a8fa876329791acd4e52ba1a7926d0f094d86b74891a9f4e1180","902fc296d26121260575322e900f7e9212afe0563155c930d745d944062210bb","e93f2c79927fad70e10d5fcfd328b2cfc4ad25e176683e67d2ff25c1e8cc06a2","7f30233f1d827c05061e1e3ebe13a21238b84cca8e6ee9d9b89c2f8eef9a89f3","c6c4597e0f44b2461e5cf6c196f4d4ff6f3ab789a71da5d21a3bc42eec81a656","ff44798a383de08159256f25fac177e8134289aa0b2db0220484471b0c38bcfc","1f3365ffa12a665a013a1d7c6e9bdf342ac8dc94d28257ba0ea32727195da360","2f9f46ccf66640c11fc1a4d58b2205d083b1849d1fc2d19d1b083785472252f3","f3aa41da14ea96b8818fdbcaafe6e4b244ee1700b16458ef3dbdb372ac254c6f","e6720d3d31e43aa7c272797515b4731ac23eb9a5b8ea93f79fce03a24be542fc"],"uploadUrl":"https://upload-firebasehosting.googleapis.com/upload/sites/upcard-eb05d/versions/a535f15de89930dd/files"}
[debug] [2023-05-12T11:47:42.647Z] >>> [apiv2][query] POST https://upload-firebasehosting.googleapis.com/upload/sites/upcard-eb05d/versions/a535f15de89930dd/files/813894ee0354482a33ee376d45e45112fb19bcda11c733bd31fa3043920fb3c6 [none]
[debug] [2023-05-12T11:47:42.648Z] >>> [apiv2][body] POST https://upload-firebasehosting.googleapis.com/upload/sites/upcard-eb05d/versions/a535f15de89930dd/files/813894ee0354482a33ee376d45e45112fb19bcda11c733bd31fa3043920fb3c6 [stream]
[debug] [2023-05-12T11:47:42.649Z] >>> [apiv2][query] POST https://upload-firebasehosting.googleapis.com/upload/sites/upcard-eb05d/versions/a535f15de89930dd/files/c2cccfc6eeb0a937d792327b3b31916bb164a9587cc7604898531a636df73d2c [none]
[debug] [2023-05-12T11:47:42.649Z] >>> [apiv2][body] POST https://upload-firebasehosting.googleapis.com/upload/sites/upcard-eb05d/versions/a535f15de89930dd/files/c2cccfc6eeb0a937d792327b3b31916bb164a9587cc7604898531a636df73d2c [stream]
[debug] [2023-05-12T11:47:42.652Z] >>> [apiv2][query] POST https://upload-firebasehosting.googleapis.com/upload/sites/upcard-eb05d/versions/a535f15de89930dd/files/2f75550a8c2ba99da453e8d04e4948bbfd9857d771992be6246c4342f5d98041 [none]
[debug] [2023-05-12T11:47:42.652Z] >>> [apiv2][body] POST https://upload-firebasehosting.googleapis.com/upload/sites/upcard-eb05d/versions/a535f15de89930dd/files/2f75550a8c2ba99da453e8d04e4948bbfd9857d771992be6246c4342f5d98041 [stream]
[debug] [2023-05-12T11:47:42.654Z] >>> [apiv2][query] POST https://upload-firebasehosting.googleapis.com/upload/sites/upcard-eb05d/versions/a535f15de89930dd/files/44058820879d20f8a04b4c2acc907b3d07b6ae2470a7eb1a8523d834b35a3e06 [none]
[debug] [2023-05-12T11:47:42.654Z] >>> [apiv2][body] POST https://upload-firebasehosting.googleapis.com/upload/sites/upcard-eb05d/versions/a535f15de89930dd/files/44058820879d20f8a04b4c2acc907b3d07b6ae2470a7eb1a8523d834b35a3e06 [stream]
[debug] [2023-05-12T11:47:42.657Z] >>> [apiv2][query] POST https://upload-firebasehosting.googleapis.com/upload/sites/upcard-eb05d/versions/a535f15de89930dd/files/6b2a68fd6b0691e3eabbef69f14d47d51d5dd28fd668436bff2bc6e270e5fcd7 [none]
[debug] [2023-05-12T11:47:42.657Z] >>> [apiv2][body] POST https://upload-firebasehosting.googleapis.com/upload/sites/upcard-eb05d/versions/a535f15de89930dd/files/6b2a68fd6b0691e3eabbef69f14d47d51d5dd28fd668436bff2bc6e270e5fcd7 [stream]
[debug] [2023-05-12T11:47:42.659Z] >>> [apiv2][query] POST https://upload-firebasehosting.googleapis.com/upload/sites/upcard-eb05d/versions/a535f15de89930dd/files/ee6516a294a138aa60e4ec822824402875ca13f72d2d1ddf24aaa403832f770c [none]
[debug] [2023-05-12T11:47:42.659Z] >>> [apiv2][body] POST https://upload-firebasehosting.googleapis.com/upload/sites/upcard-eb05d/versions/a535f15de89930dd/files/ee6516a294a138aa60e4ec822824402875ca13f72d2d1ddf24aaa403832f770c [stream]
[debug] [2023-05-12T11:47:42.661Z] >>> [apiv2][query] POST https://upload-firebasehosting.googleapis.com/upload/sites/upcard-eb05d/versions/a535f15de89930dd/files/af6f089dfc92a8fa876329791acd4e52ba1a7926d0f094d86b74891a9f4e1180 [none]
[debug] [2023-05-12T11:47:42.661Z] >>> [apiv2][body] POST https://upload-firebasehosting.googleapis.com/upload/sites/upcard-eb05d/versions/a535f15de89930dd/files/af6f089dfc92a8fa876329791acd4e52ba1a7926d0f094d86b74891a9f4e1180 [stream]
[debug] [2023-05-12T11:47:42.663Z] >>> [apiv2][query] POST https://upload-firebasehosting.googleapis.com/upload/sites/upcard-eb05d/versions/a535f15de89930dd/files/902fc296d26121260575322e900f7e9212afe0563155c930d745d944062210bb [none]
[debug] [2023-05-12T11:47:42.663Z] >>> [apiv2][body] POST https://upload-firebasehosting.googleapis.com/upload/sites/upcard-eb05d/versions/a535f15de89930dd/files/902fc296d26121260575322e900f7e9212afe0563155c930d745d944062210bb [stream]
[debug] [2023-05-12T11:47:42.665Z] >>> [apiv2][query] POST https://upload-firebasehosting.googleapis.com/upload/sites/upcard-eb05d/versions/a535f15de89930dd/files/e93f2c79927fad70e10d5fcfd328b2cfc4ad25e176683e67d2ff25c1e8cc06a2 [none]
[debug] [2023-05-12T11:47:42.665Z] >>> [apiv2][body] POST https://upload-firebasehosting.googleapis.com/upload/sites/upcard-eb05d/versions/a535f15de89930dd/files/e93f2c79927fad70e10d5fcfd328b2cfc4ad25e176683e67d2ff25c1e8cc06a2 [stream]
[debug] [2023-05-12T11:47:42.667Z] >>> [apiv2][query] POST https://upload-firebasehosting.googleapis.com/upload/sites/upcard-eb05d/versions/a535f15de89930dd/files/7f30233f1d827c05061e1e3ebe13a21238b84cca8e6ee9d9b89c2f8eef9a89f3 [none]
[debug] [2023-05-12T11:47:42.667Z] >>> [apiv2][body] POST https://upload-firebasehosting.googleapis.com/upload/sites/upcard-eb05d/versions/a535f15de89930dd/files/7f30233f1d827c05061e1e3ebe13a21238b84cca8e6ee9d9b89c2f8eef9a89f3 [stream]
[debug] [2023-05-12T11:47:42.669Z] >>> [apiv2][query] POST https://upload-firebasehosting.googleapis.com/upload/sites/upcard-eb05d/versions/a535f15de89930dd/files/c6c4597e0f44b2461e5cf6c196f4d4ff6f3ab789a71da5d21a3bc42eec81a656 [none]
[debug] [2023-05-12T11:47:42.669Z] >>> [apiv2][body] POST https://upload-firebasehosting.googleapis.com/upload/sites/upcard-eb05d/versions/a535f15de89930dd/files/c6c4597e0f44b2461e5cf6c196f4d4ff6f3ab789a71da5d21a3bc42eec81a656 [stream]
[debug] [2023-05-12T11:47:42.670Z] >>> [apiv2][query] POST https://upload-firebasehosting.googleapis.com/upload/sites/upcard-eb05d/versions/a535f15de89930dd/files/ff44798a383de08159256f25fac177e8134289aa0b2db0220484471b0c38bcfc [none]
[debug] [2023-05-12T11:47:42.670Z] >>> [apiv2][body] POST https://upload-firebasehosting.googleapis.com/upload/sites/upcard-eb05d/versions/a535f15de89930dd/files/ff44798a383de08159256f25fac177e8134289aa0b2db0220484471b0c38bcfc [stream]
[debug] [2023-05-12T11:47:42.672Z] >>> [apiv2][query] POST https://upload-firebasehosting.googleapis.com/upload/sites/upcard-eb05d/versions/a535f15de89930dd/files/1f3365ffa12a665a013a1d7c6e9bdf342ac8dc94d28257ba0ea32727195da360 [none]
[debug] [2023-05-12T11:47:42.672Z] >>> [apiv2][body] POST https://upload-firebasehosting.googleapis.com/upload/sites/upcard-eb05d/versions/a535f15de89930dd/files/1f3365ffa12a665a013a1d7c6e9bdf342ac8dc94d28257ba0ea32727195da360 [stream]
[debug] [2023-05-12T11:47:42.673Z] >>> [apiv2][query] POST https://upload-firebasehosting.googleapis.com/upload/sites/upcard-eb05d/versions/a535f15de89930dd/files/2f9f46ccf66640c11fc1a4d58b2205d083b1849d1fc2d19d1b083785472252f3 [none]
[debug] [2023-05-12T11:47:42.673Z] >>> [apiv2][body] POST https://upload-firebasehosting.googleapis.com/upload/sites/upcard-eb05d/versions/a535f15de89930dd/files/2f9f46ccf66640c11fc1a4d58b2205d083b1849d1fc2d19d1b083785472252f3 [stream]
[debug] [2023-05-12T11:47:42.679Z] >>> [apiv2][query] POST https://upload-firebasehosting.googleapis.com/upload/sites/upcard-eb05d/versions/a535f15de89930dd/files/f3aa41da14ea96b8818fdbcaafe6e4b244ee1700b16458ef3dbdb372ac254c6f [none]
[debug] [2023-05-12T11:47:42.679Z] >>> [apiv2][body] POST https://upload-firebasehosting.googleapis.com/upload/sites/upcard-eb05d/versions/a535f15de89930dd/files/f3aa41da14ea96b8818fdbcaafe6e4b244ee1700b16458ef3dbdb372ac254c6f [stream]
[debug] [2023-05-12T11:47:42.680Z] >>> [apiv2][query] POST https://upload-firebasehosting.googleapis.com/upload/sites/upcard-eb05d/versions/a535f15de89930dd/files/e6720d3d31e43aa7c272797515b4731ac23eb9a5b8ea93f79fce03a24be542fc [none]
[debug] [2023-05-12T11:47:42.680Z] >>> [apiv2][body] POST https://upload-firebasehosting.googleapis.com/upload/sites/upcard-eb05d/versions/a535f15de89930dd/files/e6720d3d31e43aa7c272797515b4731ac23eb9a5b8ea93f79fce03a24be542fc [stream]
[debug] [2023-05-12T11:47:42.682Z] [hosting][populate queue][FINAL] {"max":1879,"min":1879,"avg":1879,"active":0,"complete":1,"success":1,"errored":0,"retried":0,"total":1,"elapsed":1914}
[debug] [2023-05-12T11:47:42.682Z] [hosting] uploads queued: 16
[debug] [2023-05-12T11:47:46.307Z] <<< [apiv2][status] POST https://upload-firebasehosting.googleapis.com/upload/sites/upcard-eb05d/versions/a535f15de89930dd/files/7f30233f1d827c05061e1e3ebe13a21238b84cca8e6ee9d9b89c2f8eef9a89f3 200
[debug] [2023-05-12T11:47:46.307Z] <<< [apiv2][body] POST https://upload-firebasehosting.googleapis.com/upload/sites/upcard-eb05d/versions/a535f15de89930dd/files/7f30233f1d827c05061e1e3ebe13a21238b84cca8e6ee9d9b89c2f8eef9a89f3 [stream]
[debug] [2023-05-12T11:47:46.816Z] <<< [apiv2][status] POST https://upload-firebasehosting.googleapis.com/upload/sites/upcard-eb05d/versions/a535f15de89930dd/files/2f9f46ccf66640c11fc1a4d58b2205d083b1849d1fc2d19d1b083785472252f3 200
[debug] [2023-05-12T11:47:46.816Z] <<< [apiv2][body] POST https://upload-firebasehosting.googleapis.com/upload/sites/upcard-eb05d/versions/a535f15de89930dd/files/2f9f46ccf66640c11fc1a4d58b2205d083b1849d1fc2d19d1b083785472252f3 [stream]
[debug] [2023-05-12T11:47:48.952Z] <<< [apiv2][status] POST https://upload-firebasehosting.googleapis.com/upload/sites/upcard-eb05d/versions/a535f15de89930dd/files/1f3365ffa12a665a013a1d7c6e9bdf342ac8dc94d28257ba0ea32727195da360 200
[debug] [2023-05-12T11:47:48.953Z] <<< [apiv2][body] POST https://upload-firebasehosting.googleapis.com/upload/sites/upcard-eb05d/versions/a535f15de89930dd/files/1f3365ffa12a665a013a1d7c6e9bdf342ac8dc94d28257ba0ea32727195da360 [stream]
[debug] [2023-05-12T11:47:51.046Z] <<< [apiv2][status] POST https://upload-firebasehosting.googleapis.com/upload/sites/upcard-eb05d/versions/a535f15de89930dd/files/c2cccfc6eeb0a937d792327b3b31916bb164a9587cc7604898531a636df73d2c 200
[debug] [2023-05-12T11:47:51.047Z] <<< [apiv2][body] POST https://upload-firebasehosting.googleapis.com/upload/sites/upcard-eb05d/versions/a535f15de89930dd/files/c2cccfc6eeb0a937d792327b3b31916bb164a9587cc7604898531a636df73d2c [stream]
[debug] [2023-05-12T11:47:51.065Z] <<< [apiv2][status] POST https://upload-firebasehosting.googleapis.com/upload/sites/upcard-eb05d/versions/a535f15de89930dd/files/c6c4597e0f44b2461e5cf6c196f4d4ff6f3ab789a71da5d21a3bc42eec81a656 200
[debug] [2023-05-12T11:47:51.065Z] <<< [apiv2][body] POST https://upload-firebasehosting.googleapis.com/upload/sites/upcard-eb05d/versions/a535f15de89930dd/files/c6c4597e0f44b2461e5cf6c196f4d4ff6f3ab789a71da5d21a3bc42eec81a656 [stream]
[debug] [2023-05-12T11:47:51.519Z] <<< [apiv2][status] POST https://upload-firebasehosting.googleapis.com/upload/sites/upcard-eb05d/versions/a535f15de89930dd/files/ff44798a383de08159256f25fac177e8134289aa0b2db0220484471b0c38bcfc 200
[debug] [2023-05-12T11:47:51.519Z] <<< [apiv2][body] POST https://upload-firebasehosting.googleapis.com/upload/sites/upcard-eb05d/versions/a535f15de89930dd/files/ff44798a383de08159256f25fac177e8134289aa0b2db0220484471b0c38bcfc [stream]
[debug] [2023-05-12T11:47:54.991Z] <<< [apiv2][status] POST https://upload-firebasehosting.googleapis.com/upload/sites/upcard-eb05d/versions/a535f15de89930dd/files/902fc296d26121260575322e900f7e9212afe0563155c930d745d944062210bb 200
[debug] [2023-05-12T11:47:54.992Z] <<< [apiv2][body] POST https://upload-firebasehosting.googleapis.com/upload/sites/upcard-eb05d/versions/a535f15de89930dd/files/902fc296d26121260575322e900f7e9212afe0563155c930d745d944062210bb [stream]
[debug] [2023-05-12T11:47:54.995Z] <<< [apiv2][status] POST https://upload-firebasehosting.googleapis.com/upload/sites/upcard-eb05d/versions/a535f15de89930dd/files/44058820879d20f8a04b4c2acc907b3d07b6ae2470a7eb1a8523d834b35a3e06 200
[debug] [2023-05-12T11:47:54.996Z] <<< [apiv2][body] POST https://upload-firebasehosting.googleapis.com/upload/sites/upcard-eb05d/versions/a535f15de89930dd/files/44058820879d20f8a04b4c2acc907b3d07b6ae2470a7eb1a8523d834b35a3e06 [stream]
[debug] [2023-05-12T11:48:13.056Z] [uploadQueue] Retrying task 2f75550a8c2ba99da453e8d04e4948bbfd9857d771992be6246c4342f5d98041
[debug] [2023-05-12T11:48:13.057Z] >>> [apiv2][query] POST https://upload-firebasehosting.googleapis.com/upload/sites/upcard-eb05d/versions/a535f15de89930dd/files/2f75550a8c2ba99da453e8d04e4948bbfd9857d771992be6246c4342f5d98041 [none]
[debug] [2023-05-12T11:48:13.057Z] >>> [apiv2][body] POST https://upload-firebasehosting.googleapis.com/upload/sites/upcard-eb05d/versions/a535f15de89930dd/files/2f75550a8c2ba99da453e8d04e4948bbfd9857d771992be6246c4342f5d98041 [stream]
[debug] [2023-05-12T11:48:13.067Z] [uploadQueue] Retrying task 6b2a68fd6b0691e3eabbef69f14d47d51d5dd28fd668436bff2bc6e270e5fcd7
[debug] [2023-05-12T11:48:13.068Z] >>> [apiv2][query] POST https://upload-firebasehosting.googleapis.com/upload/sites/upcard-eb05d/versions/a535f15de89930dd/files/6b2a68fd6b0691e3eabbef69f14d47d51d5dd28fd668436bff2bc6e270e5fcd7 [none]
[debug] [2023-05-12T11:48:13.068Z] >>> [apiv2][body] POST https://upload-firebasehosting.googleapis.com/upload/sites/upcard-eb05d/versions/a535f15de89930dd/files/6b2a68fd6b0691e3eabbef69f14d47d51d5dd28fd668436bff2bc6e270e5fcd7 [stream]
[debug] [2023-05-12T11:48:13.070Z] [uploadQueue] Retrying task ee6516a294a138aa60e4ec822824402875ca13f72d2d1ddf24aaa403832f770c
[debug] [2023-05-12T11:48:13.073Z] >>> [apiv2][query] POST https://upload-firebasehosting.googleapis.com/upload/sites/upcard-eb05d/versions/a535f15de89930dd/files/ee6516a294a138aa60e4ec822824402875ca13f72d2d1ddf24aaa403832f770c [none]
[debug] [2023-05-12T11:48:13.073Z] >>> [apiv2][body] POST https://upload-firebasehosting.googleapis.com/upload/sites/upcard-eb05d/versions/a535f15de89930dd/files/ee6516a294a138aa60e4ec822824402875ca13f72d2d1ddf24aaa403832f770c [stream]
[debug] [2023-05-12T11:48:13.075Z] [uploadQueue] Retrying task af6f089dfc92a8fa876329791acd4e52ba1a7926d0f094d86b74891a9f4e1180
[debug] [2023-05-12T11:48:13.075Z] >>> [apiv2][query] POST https://upload-firebasehosting.googleapis.com/upload/sites/upcard-eb05d/versions/a535f15de89930dd/files/af6f089dfc92a8fa876329791acd4e52ba1a7926d0f094d86b74891a9f4e1180 [none]
[debug] [2023-05-12T11:48:13.076Z] >>> [apiv2][body] POST https://upload-firebasehosting.googleapis.com/upload/sites/upcard-eb05d/versions/a535f15de89930dd/files/af6f089dfc92a8fa876329791acd4e52ba1a7926d0f094d86b74891a9f4e1180 [stream]
[debug] [2023-05-12T11:48:13.693Z] [uploadQueue] Retrying task f3aa41da14ea96b8818fdbcaafe6e4b244ee1700b16458ef3dbdb372ac254c6f
[debug] [2023-05-12T11:48:13.694Z] >>> [apiv2][query] POST https://upload-firebasehosting.googleapis.com/upload/sites/upcard-eb05d/versions/a535f15de89930dd/files/f3aa41da14ea96b8818fdbcaafe6e4b244ee1700b16458ef3dbdb372ac254c6f [none]
[debug] [2023-05-12T11:48:13.694Z] >>> [apiv2][body] POST https://upload-firebasehosting.googleapis.com/upload/sites/upcard-eb05d/versions/a535f15de89930dd/files/f3aa41da14ea96b8818fdbcaafe6e4b244ee1700b16458ef3dbdb372ac254c6f [stream]
[debug] [2023-05-12T11:48:26.182Z] <<< [apiv2][status] POST https://upload-firebasehosting.googleapis.com/upload/sites/upcard-eb05d/versions/a535f15de89930dd/files/af6f089dfc92a8fa876329791acd4e52ba1a7926d0f094d86b74891a9f4e1180 200
[debug] [2023-05-12T11:48:26.183Z] <<< [apiv2][body] POST https://upload-firebasehosting.googleapis.com/upload/sites/upcard-eb05d/versions/a535f15de89930dd/files/af6f089dfc92a8fa876329791acd4e52ba1a7926d0f094d86b74891a9f4e1180 [stream]
[debug] [2023-05-12T11:48:29.412Z] <<< [apiv2][status] POST https://upload-firebasehosting.googleapis.com/upload/sites/upcard-eb05d/versions/a535f15de89930dd/files/ee6516a294a138aa60e4ec822824402875ca13f72d2d1ddf24aaa403832f770c 200
[debug] [2023-05-12T11:48:29.413Z] <<< [apiv2][body] POST https://upload-firebasehosting.googleapis.com/upload/sites/upcard-eb05d/versions/a535f15de89930dd/files/ee6516a294a138aa60e4ec822824402875ca13f72d2d1ddf24aaa403832f770c [stream]
[debug] [2023-05-12T11:48:43.876Z] [uploadQueue] Retrying task 2f75550a8c2ba99da453e8d04e4948bbfd9857d771992be6246c4342f5d98041
[debug] [2023-05-12T11:48:43.877Z] >>> [apiv2][query] POST https://upload-firebasehosting.googleapis.com/upload/sites/upcard-eb05d/versions/a535f15de89930dd/files/2f75550a8c2ba99da453e8d04e4948bbfd9857d771992be6246c4342f5d98041 [none]
[debug] [2023-05-12T11:48:43.877Z] >>> [apiv2][body] POST https://upload-firebasehosting.googleapis.com/upload/sites/upcard-eb05d/versions/a535f15de89930dd/files/2f75550a8c2ba99da453e8d04e4948bbfd9857d771992be6246c4342f5d98041 [stream]
[debug] [2023-05-12T11:48:43.879Z] [uploadQueue] Retrying task 6b2a68fd6b0691e3eabbef69f14d47d51d5dd28fd668436bff2bc6e270e5fcd7
[debug] [2023-05-12T11:48:43.880Z] >>> [apiv2][query] POST https://upload-firebasehosting.googleapis.com/upload/sites/upcard-eb05d/versions/a535f15de89930dd/files/6b2a68fd6b0691e3eabbef69f14d47d51d5dd28fd668436bff2bc6e270e5fcd7 [none]
[debug] [2023-05-12T11:48:43.880Z] >>> [apiv2][body] POST https://upload-firebasehosting.googleapis.com/upload/sites/upcard-eb05d/versions/a535f15de89930dd/files/6b2a68fd6b0691e3eabbef69f14d47d51d5dd28fd668436bff2bc6e270e5fcd7 [stream]
[debug] [2023-05-12T11:48:45.155Z] [uploadQueue] Retrying task f3aa41da14ea96b8818fdbcaafe6e4b244ee1700b16458ef3dbdb372ac254c6f
[debug] [2023-05-12T11:48:45.157Z] >>> [apiv2][query] POST https://upload-firebasehosting.googleapis.com/upload/sites/upcard-eb05d/versions/a535f15de89930dd/files/f3aa41da14ea96b8818fdbcaafe6e4b244ee1700b16458ef3dbdb372ac254c6f [none]
[debug] [2023-05-12T11:48:45.157Z] >>> [apiv2][body] POST https://upload-firebasehosting.googleapis.com/upload/sites/upcard-eb05d/versions/a535f15de89930dd/files/f3aa41da14ea96b8818fdbcaafe6e4b244ee1700b16458ef3dbdb372ac254c6f [stream]
[debug] [2023-05-12T11:49:08.676Z] <<< [apiv2][status] POST https://upload-firebasehosting.googleapis.com/upload/sites/upcard-eb05d/versions/a535f15de89930dd/files/f3aa41da14ea96b8818fdbcaafe6e4b244ee1700b16458ef3dbdb372ac254c6f 200
[debug] [2023-05-12T11:49:08.676Z] <<< [apiv2][body] POST https://upload-firebasehosting.googleapis.com/upload/sites/upcard-eb05d/versions/a535f15de89930dd/files/f3aa41da14ea96b8818fdbcaafe6e4b244ee1700b16458ef3dbdb372ac254c6f [stream]
[debug] [2023-05-12T11:49:10.645Z] <<< [apiv2][status] POST https://upload-firebasehosting.googleapis.com/upload/sites/upcard-eb05d/versions/a535f15de89930dd/files/6b2a68fd6b0691e3eabbef69f14d47d51d5dd28fd668436bff2bc6e270e5fcd7 200
[debug] [2023-05-12T11:49:10.645Z] <<< [apiv2][body] POST https://upload-firebasehosting.googleapis.com/upload/sites/upcard-eb05d/versions/a535f15de89930dd/files/6b2a68fd6b0691e3eabbef69f14d47d51d5dd28fd668436bff2bc6e270e5fcd7 [stream]
[debug] [2023-05-12T11:49:15.489Z] [uploadQueue] Retrying task 2f75550a8c2ba99da453e8d04e4948bbfd9857d771992be6246c4342f5d98041
[debug] [2023-05-12T11:49:15.490Z] >>> [apiv2][query] POST https://upload-firebasehosting.googleapis.com/upload/sites/upcard-eb05d/versions/a535f15de89930dd/files/2f75550a8c2ba99da453e8d04e4948bbfd9857d771992be6246c4342f5d98041 [none]
[debug] [2023-05-12T11:49:15.490Z] >>> [apiv2][body] POST https://upload-firebasehosting.googleapis.com/upload/sites/upcard-eb05d/versions/a535f15de89930dd/files/2f75550a8c2ba99da453e8d04e4948bbfd9857d771992be6246c4342f5d98041 [stream]
[debug] [2023-05-12T11:49:29.582Z] <<< [apiv2][status] POST https://upload-firebasehosting.googleapis.com/upload/sites/upcard-eb05d/versions/a535f15de89930dd/files/e93f2c79927fad70e10d5fcfd328b2cfc4ad25e176683e67d2ff25c1e8cc06a2 200
[debug] [2023-05-12T11:49:29.583Z] <<< [apiv2][body] POST https://upload-firebasehosting.googleapis.com/upload/sites/upcard-eb05d/versions/a535f15de89930dd/files/e93f2c79927fad70e10d5fcfd328b2cfc4ad25e176683e67d2ff25c1e8cc06a2 [stream]
[debug] [2023-05-12T11:49:30.978Z] [uploadQueue] Retrying task 813894ee0354482a33ee376d45e45112fb19bcda11c733bd31fa3043920fb3c6
[debug] [2023-05-12T11:49:30.979Z] >>> [apiv2][query] POST https://upload-firebasehosting.googleapis.com/upload/sites/upcard-eb05d/versions/a535f15de89930dd/files/813894ee0354482a33ee376d45e45112fb19bcda11c733bd31fa3043920fb3c6 [none]
[debug] [2023-05-12T11:49:30.979Z] >>> [apiv2][body] POST https://upload-firebasehosting.googleapis.com/upload/sites/upcard-eb05d/versions/a535f15de89930dd/files/813894ee0354482a33ee376d45e45112fb19bcda11c733bd31fa3043920fb3c6 [stream]
[debug] [2023-05-12T11:49:35.983Z] [uploadQueue] Retrying task e6720d3d31e43aa7c272797515b4731ac23eb9a5b8ea93f79fce03a24be542fc
[debug] [2023-05-12T11:49:35.985Z] >>> [apiv2][query] POST https://upload-firebasehosting.googleapis.com/upload/sites/upcard-eb05d/versions/a535f15de89930dd/files/e6720d3d31e43aa7c272797515b4731ac23eb9a5b8ea93f79fce03a24be542fc [none]
[debug] [2023-05-12T11:49:35.985Z] >>> [apiv2][body] POST https://upload-firebasehosting.googleapis.com/upload/sites/upcard-eb05d/versions/a535f15de89930dd/files/e6720d3d31e43aa7c272797515b4731ac23eb9a5b8ea93f79fce03a24be542fc [stream]
[debug] [2023-05-12T11:49:48.709Z] [uploadQueue] Retrying task 2f75550a8c2ba99da453e8d04e4948bbfd9857d771992be6246c4342f5d98041
[debug] [2023-05-12T11:49:48.710Z] >>> [apiv2][query] POST https://upload-firebasehosting.googleapis.com/upload/sites/upcard-eb05d/versions/a535f15de89930dd/files/2f75550a8c2ba99da453e8d04e4948bbfd9857d771992be6246c4342f5d98041 [none]
[debug] [2023-05-12T11:49:48.710Z] >>> [apiv2][body] POST https://upload-firebasehosting.googleapis.com/upload/sites/upcard-eb05d/versions/a535f15de89930dd/files/2f75550a8c2ba99da453e8d04e4948bbfd9857d771992be6246c4342f5d98041 [stream]
[debug] [2023-05-12T11:50:18.048Z] <<< [apiv2][status] POST https://upload-firebasehosting.googleapis.com/upload/sites/upcard-eb05d/versions/a535f15de89930dd/files/2f75550a8c2ba99da453e8d04e4948bbfd9857d771992be6246c4342f5d98041 200
[debug] [2023-05-12T11:50:18.048Z] <<< [apiv2][body] POST https://upload-firebasehosting.googleapis.com/upload/sites/upcard-eb05d/versions/a535f15de89930dd/files/2f75550a8c2ba99da453e8d04e4948bbfd9857d771992be6246c4342f5d98041 [stream]
[debug] [2023-05-12T11:51:17.965Z] <<< [apiv2][status] POST https://upload-firebasehosting.googleapis.com/upload/sites/upcard-eb05d/versions/a535f15de89930dd/files/e6720d3d31e43aa7c272797515b4731ac23eb9a5b8ea93f79fce03a24be542fc 200
[debug] [2023-05-12T11:51:17.966Z] <<< [apiv2][body] POST https://upload-firebasehosting.googleapis.com/upload/sites/upcard-eb05d/versions/a535f15de89930dd/files/e6720d3d31e43aa7c272797515b4731ac23eb9a5b8ea93f79fce03a24be542fc [stream]
[debug] [2023-05-12T11:51:19.710Z] [uploadQueue] Retrying task 813894ee0354482a33ee376d45e45112fb19bcda11c733bd31fa3043920fb3c6
[debug] [2023-05-12T11:51:19.712Z] >>> [apiv2][query] POST https://upload-firebasehosting.googleapis.com/upload/sites/upcard-eb05d/versions/a535f15de89930dd/files/813894ee0354482a33ee376d45e45112fb19bcda11c733bd31fa3043920fb3c6 [none]
[debug] [2023-05-12T11:51:19.712Z] >>> [apiv2][body] POST https://upload-firebasehosting.googleapis.com/upload/sites/upcard-eb05d/versions/a535f15de89930dd/files/813894ee0354482a33ee376d45e45112fb19bcda11c733bd31fa3043920fb3c6 [stream]
[debug] [2023-05-12T11:52:14.109Z] <<< [apiv2][status] POST https://upload-firebasehosting.googleapis.com/upload/sites/upcard-eb05d/versions/a535f15de89930dd/files/813894ee0354482a33ee376d45e45112fb19bcda11c733bd31fa3043920fb3c6 200
[debug] [2023-05-12T11:52:14.109Z] <<< [apiv2][body] POST https://upload-firebasehosting.googleapis.com/upload/sites/upcard-eb05d/versions/a535f15de89930dd/files/813894ee0354482a33ee376d45e45112fb19bcda11c733bd31fa3043920fb3c6 [stream]
[debug] [2023-05-12T11:52:14.110Z] [hosting][upload queue][FINAL] {"max":106939,"min":3663,"avg":27308.5,"active":0,"complete":16,"success":16,"errored":0,"retried":13,"total":16,"elapsed":271469}
[info] +  hosting[upcard-eb05d]: file upload complete 
[debug] [2023-05-12T11:52:14.111Z] [hosting] deploy completed after 275270ms
[debug] [2023-05-12T11:52:14.120Z] [
  {
    "config": {
      "public": "build",
      "ignore": [
        "firebase.json",
        "**/.*",
        "**/node_modules/**"
      ],
      "rewrites": [
        {
          "source": "**",
          "destination": "/index.html"
        }
      ],
      "site": "upcard-eb05d"
    },
    "version": "projects/84482438842/sites/upcard-eb05d/versions/a535f15de89930dd"
  }
]
[info] i  hosting[upcard-eb05d]: finalizing version... 
[debug] [2023-05-12T11:52:14.125Z] >>> [apiv2][query] PATCH https://firebasehosting.googleapis.com/v1beta1/projects/-/sites/upcard-eb05d/versions/a535f15de89930dd updateMask=status%2Cconfig
[debug] [2023-05-12T11:52:14.125Z] >>> [apiv2][body] PATCH https://firebasehosting.googleapis.com/v1beta1/projects/-/sites/upcard-eb05d/versions/a535f15de89930dd {"status":"FINALIZED","config":{"rewrites":[{"glob":"**","path":"/index.html"}]}}
[debug] [2023-05-12T11:52:16.895Z] <<< [apiv2][status] PATCH https://firebasehosting.googleapis.com/v1beta1/projects/-/sites/upcard-eb05d/versions/a535f15de89930dd 200
[debug] [2023-05-12T11:52:16.895Z] <<< [apiv2][body] PATCH https://firebasehosting.googleapis.com/v1beta1/projects/-/sites/upcard-eb05d/versions/a535f15de89930dd {"name":"projects/84482438842/sites/upcard-eb05d/versions/a535f15de89930dd","status":"FINALIZED","config":{"rewrites":[{"glob":"**","path":"/index.html"}]},"labels":{"deployment-tool":"cli-firebase"},"createTime":"2023-05-12T11:47:38.198016Z","createUser":{"email":"jawadraza8372@gmail.com"},"finalizeTime":"2023-05-12T11:52:16.556347Z","finalizeUser":{"email":"jawadraza8372@gmail.com"}}
[debug] [2023-05-12T11:52:16.895Z] [hosting] finalized version for upcard-eb05d:[object Object]
[info] +  hosting[upcard-eb05d]: version finalized 
[info] i  hosting[upcard-eb05d]: releasing new version... 
[debug] [2023-05-12T11:52:16.900Z] >>> [apiv2][query] POST https://firebasehosting.googleapis.com/v1beta1/projects/-/sites/upcard-eb05d/channels/live/releases versionName=projects%2F84482438842%2Fsites%2Fupcard-eb05d%2Fversions%2Fa535f15de89930dd
[debug] [2023-05-12T11:52:16.900Z] >>> [apiv2][body] POST https://firebasehosting.googleapis.com/v1beta1/projects/-/sites/upcard-eb05d/channels/live/releases {}
[debug] [2023-05-12T11:52:18.796Z] <<< [apiv2][status] POST https://firebasehosting.googleapis.com/v1beta1/projects/-/sites/upcard-eb05d/channels/live/releases 200
[debug] [2023-05-12T11:52:18.796Z] <<< [apiv2][body] POST https://firebasehosting.googleapis.com/v1beta1/projects/-/sites/upcard-eb05d/channels/live/releases {"name":"projects/84482438842/sites/upcard-eb05d/channels/live/releases/1683892337873000","version":{"name":"projects/84482438842/sites/upcard-eb05d/versions/a535f15de89930dd","status":"FINALIZED","config":{"rewrites":[{"glob":"**","path":"/index.html"}]},"labels":{"deployment-tool":"cli-firebase"},"createTime":"2023-05-12T11:47:38.198016Z","createUser":{"email":"jawadraza8372@gmail.com","imageUrl":"https://lh3.googleusercontent.com/a/AGNmyxYKbo2zEpZMCCHjJlQKtr-Tuj-X-OdkiMM6EzOx"},"finalizeTime":"2023-05-12T11:52:16.556347Z","finalizeUser":{"email":"jawadraza8372@gmail.com","imageUrl":"https://lh3.googleusercontent.com/a/AGNmyxYKbo2zEpZMCCHjJlQKtr-Tuj-X-OdkiMM6EzOx"}},"type":"DEPLOY","releaseTime":"2023-05-12T11:52:17.873Z","releaseUser":{"email":"jawadraza8372@gmail.com","imageUrl":"https://lh3.googleusercontent.com/a/AGNmyxYKbo2zEpZMCCHjJlQKtr-Tuj-X-OdkiMM6EzOx"}}
[debug] [2023-05-12T11:52:18.796Z] [hosting] release: {"name":"projects/84482438842/sites/upcard-eb05d/channels/live/releases/1683892337873000","version":{"name":"projects/84482438842/sites/upcard-eb05d/versions/a535f15de89930dd","status":"FINALIZED","config":{"rewrites":[{"glob":"**","path":"/index.html"}]},"labels":{"deployment-tool":"cli-firebase"},"createTime":"2023-05-12T11:47:38.198016Z","createUser":{"email":"jawadraza8372@gmail.com","imageUrl":"https://lh3.googleusercontent.com/a/AGNmyxYKbo2zEpZMCCHjJlQKtr-Tuj-X-OdkiMM6EzOx"},"finalizeTime":"2023-05-12T11:52:16.556347Z","finalizeUser":{"email":"jawadraza8372@gmail.com","imageUrl":"https://lh3.googleusercontent.com/a/AGNmyxYKbo2zEpZMCCHjJlQKtr-Tuj-X-OdkiMM6EzOx"}},"type":"DEPLOY","releaseTime":"2023-05-12T11:52:17.873Z","releaseUser":{"email":"jawadraza8372@gmail.com","imageUrl":"https://lh3.googleusercontent.com/a/AGNmyxYKbo2zEpZMCCHjJlQKtr-Tuj-X-OdkiMM6EzOx"}}
[info] +  hosting[upcard-eb05d]: release complete 
